++ /home/yiminghuang/anaconda3/bin/conda shell.bash hook
+ __conda_setup='export CONDA_EXE='\''/home/yiminghuang/anaconda3/bin/conda'\''
export _CE_M='\'''\''
export _CE_CONDA='\'''\''
export CONDA_PYTHON_EXE='\''/home/yiminghuang/anaconda3/bin/python'\''

# Copyright (C) 2012 Anaconda, Inc
# SPDX-License-Identifier: BSD-3-Clause

__add_sys_prefix_to_path() {
    # In dev-mode CONDA_EXE is python.exe and on Windows
    # it is in a different relative location to condabin.
    if [ -n "${_CE_CONDA}" ] && [ -n "${WINDIR+x}" ]; then
        SYSP=$(\dirname "${CONDA_EXE}")
    else
        SYSP=$(\dirname "${CONDA_EXE}")
        SYSP=$(\dirname "${SYSP}")
    fi

    if [ -n "${WINDIR+x}" ]; then
        PATH="${SYSP}/bin:${PATH}"
        PATH="${SYSP}/Scripts:${PATH}"
        PATH="${SYSP}/Library/bin:${PATH}"
        PATH="${SYSP}/Library/usr/bin:${PATH}"
        PATH="${SYSP}/Library/mingw-w64/bin:${PATH}"
        PATH="${SYSP}:${PATH}"
    else
        PATH="${SYSP}/bin:${PATH}"
    fi
    \export PATH
}

__conda_exe() (
    __add_sys_prefix_to_path
    "$CONDA_EXE" $_CE_M $_CE_CONDA "$@"
)

__conda_hashr() {
    if [ -n "${ZSH_VERSION:+x}" ]; then
        \rehash
    elif [ -n "${POSH_VERSION:+x}" ]; then
        :  # pass
    else
        \hash -r
    fi
}

__conda_activate() {
    if [ -n "${CONDA_PS1_BACKUP:+x}" ]; then
        # Handle transition from shell activated with conda <= 4.3 to a subsequent activation
        # after conda updated to >= 4.4. See issue #6173.
        PS1="$CONDA_PS1_BACKUP"
        \unset CONDA_PS1_BACKUP
    fi
    \local ask_conda
    ask_conda="$(PS1="${PS1:-}" __conda_exe shell.posix "$@")" || \return
    \eval "$ask_conda"
    __conda_hashr
}

__conda_reactivate() {
    \local ask_conda
    ask_conda="$(PS1="${PS1:-}" __conda_exe shell.posix reactivate)" || \return
    \eval "$ask_conda"
    __conda_hashr
}

conda() {
    \local cmd="${1-__missing__}"
    case "$cmd" in
        activate|deactivate)
            __conda_activate "$@"
            ;;
        install|update|upgrade|remove|uninstall)
            __conda_exe "$@" || \return
            __conda_reactivate
            ;;
        *)
            __conda_exe "$@"
            ;;
    esac
}

if [ -z "${CONDA_SHLVL+x}" ]; then
    \export CONDA_SHLVL=0
    # In dev-mode CONDA_EXE is python.exe and on Windows
    # it is in a different relative location to condabin.
    if [ -n "${_CE_CONDA:+x}" ] && [ -n "${WINDIR+x}" ]; then
        PATH="$(\dirname "$CONDA_EXE")/condabin${PATH:+":${PATH}"}"
    else
        PATH="$(\dirname "$(\dirname "$CONDA_EXE")")/condabin${PATH:+":${PATH}"}"
    fi
    \export PATH

    # We'\''re not allowing PS1 to be unbound. It must at least be set.
    # However, we'\''re not exporting it, which can cause problems when starting a second shell
    # via a first shell (i.e. starting zsh from bash).
    if [ -z "${PS1+x}" ]; then
        PS1=
    fi
fi

conda activate base'
+ '[' 0 -eq 0 ']'
+ eval 'export CONDA_EXE='\''/home/yiminghuang/anaconda3/bin/conda'\''
export _CE_M='\'''\''
export _CE_CONDA='\'''\''
export CONDA_PYTHON_EXE='\''/home/yiminghuang/anaconda3/bin/python'\''

# Copyright (C) 2012 Anaconda, Inc
# SPDX-License-Identifier: BSD-3-Clause

__add_sys_prefix_to_path() {
    # In dev-mode CONDA_EXE is python.exe and on Windows
    # it is in a different relative location to condabin.
    if [ -n "${_CE_CONDA}" ] && [ -n "${WINDIR+x}" ]; then
        SYSP=$(\dirname "${CONDA_EXE}")
    else
        SYSP=$(\dirname "${CONDA_EXE}")
        SYSP=$(\dirname "${SYSP}")
    fi

    if [ -n "${WINDIR+x}" ]; then
        PATH="${SYSP}/bin:${PATH}"
        PATH="${SYSP}/Scripts:${PATH}"
        PATH="${SYSP}/Library/bin:${PATH}"
        PATH="${SYSP}/Library/usr/bin:${PATH}"
        PATH="${SYSP}/Library/mingw-w64/bin:${PATH}"
        PATH="${SYSP}:${PATH}"
    else
        PATH="${SYSP}/bin:${PATH}"
    fi
    \export PATH
}

__conda_exe() (
    __add_sys_prefix_to_path
    "$CONDA_EXE" $_CE_M $_CE_CONDA "$@"
)

__conda_hashr() {
    if [ -n "${ZSH_VERSION:+x}" ]; then
        \rehash
    elif [ -n "${POSH_VERSION:+x}" ]; then
        :  # pass
    else
        \hash -r
    fi
}

__conda_activate() {
    if [ -n "${CONDA_PS1_BACKUP:+x}" ]; then
        # Handle transition from shell activated with conda <= 4.3 to a subsequent activation
        # after conda updated to >= 4.4. See issue #6173.
        PS1="$CONDA_PS1_BACKUP"
        \unset CONDA_PS1_BACKUP
    fi
    \local ask_conda
    ask_conda="$(PS1="${PS1:-}" __conda_exe shell.posix "$@")" || \return
    \eval "$ask_conda"
    __conda_hashr
}

__conda_reactivate() {
    \local ask_conda
    ask_conda="$(PS1="${PS1:-}" __conda_exe shell.posix reactivate)" || \return
    \eval "$ask_conda"
    __conda_hashr
}

conda() {
    \local cmd="${1-__missing__}"
    case "$cmd" in
        activate|deactivate)
            __conda_activate "$@"
            ;;
        install|update|upgrade|remove|uninstall)
            __conda_exe "$@" || \return
            __conda_reactivate
            ;;
        *)
            __conda_exe "$@"
            ;;
    esac
}

if [ -z "${CONDA_SHLVL+x}" ]; then
    \export CONDA_SHLVL=0
    # In dev-mode CONDA_EXE is python.exe and on Windows
    # it is in a different relative location to condabin.
    if [ -n "${_CE_CONDA:+x}" ] && [ -n "${WINDIR+x}" ]; then
        PATH="$(\dirname "$CONDA_EXE")/condabin${PATH:+":${PATH}"}"
    else
        PATH="$(\dirname "$(\dirname "$CONDA_EXE")")/condabin${PATH:+":${PATH}"}"
    fi
    \export PATH

    # We'\''re not allowing PS1 to be unbound. It must at least be set.
    # However, we'\''re not exporting it, which can cause problems when starting a second shell
    # via a first shell (i.e. starting zsh from bash).
    if [ -z "${PS1+x}" ]; then
        PS1=
    fi
fi

conda activate base'
++ export CONDA_EXE=/home/yiminghuang/anaconda3/bin/conda
++ CONDA_EXE=/home/yiminghuang/anaconda3/bin/conda
++ export _CE_M=
++ _CE_M=
++ export _CE_CONDA=
++ _CE_CONDA=
++ export CONDA_PYTHON_EXE=/home/yiminghuang/anaconda3/bin/python
++ CONDA_PYTHON_EXE=/home/yiminghuang/anaconda3/bin/python
++ '[' -z x ']'
++ conda activate base
++ local cmd=activate
++ case "$cmd" in
++ __conda_activate activate base
++ '[' -n '' ']'
++ local ask_conda
+++ PS1=
+++ __conda_exe shell.posix activate base
+++ __add_sys_prefix_to_path
+++ '[' -n '' ']'
++++ dirname /home/yiminghuang/anaconda3/bin/conda
+++ SYSP=/home/yiminghuang/anaconda3/bin
++++ dirname /home/yiminghuang/anaconda3/bin
+++ SYSP=/home/yiminghuang/anaconda3
+++ '[' -n '' ']'
+++ PATH=/home/yiminghuang/anaconda3/bin:/home/yiminghuang/.vscode-server/bin/dfd34e8260c270da74b5c2d86d61aee4b6d56977/bin/remote-cli:/home/yiminghuang/anaconda3/envs/multitask/bin:/home/yiminghuang/anaconda3/condabin:/cm/shared/apps/hdf5/1.6.10/bin:/cm/shared/apps/openmpi/gcc/64/1.10.1/bin:/cm/local/apps/cuda/libs/current/bin:/cm/shared/apps/cuda75/sdk/7.5.18/bin/x86_64/linux/release:/cm/shared/apps/cuda75/toolkit/7.5.18/bin:/cm/shared/apps/slurm/16.05.8/sbin:/cm/shared/apps/slurm/16.05.8/bin:/usr/local/bin:/usr/bin:/usr/local/sbin:/usr/sbin:/sbin:/usr/sbin:/cm/local/apps/environment-modules/3.2.10/bin:/home/yiminghuang/.local/bin:/home/yiminghuang/bin:/home/yiminghuang/.local/bin:/home/yiminghuang/bin
+++ export PATH
+++ /home/yiminghuang/anaconda3/bin/conda shell.posix activate base
++ ask_conda='export PATH='\''/home/yiminghuang/.vscode-server/bin/dfd34e8260c270da74b5c2d86d61aee4b6d56977/bin/remote-cli:/home/yiminghuang/anaconda3/bin:/home/yiminghuang/anaconda3/condabin:/cm/shared/apps/hdf5/1.6.10/bin:/cm/shared/apps/openmpi/gcc/64/1.10.1/bin:/cm/local/apps/cuda/libs/current/bin:/cm/shared/apps/cuda75/sdk/7.5.18/bin/x86_64/linux/release:/cm/shared/apps/cuda75/toolkit/7.5.18/bin:/cm/shared/apps/slurm/16.05.8/sbin:/cm/shared/apps/slurm/16.05.8/bin:/usr/local/bin:/usr/bin:/usr/local/sbin:/usr/sbin:/sbin:/usr/sbin:/cm/local/apps/environment-modules/3.2.10/bin:/home/yiminghuang/.local/bin:/home/yiminghuang/bin:/home/yiminghuang/.local/bin:/home/yiminghuang/bin'\''
unset CONDA_PREFIX_1
PS1='\''(base) '\''
export CONDA_PREFIX='\''/home/yiminghuang/anaconda3'\''
export CONDA_SHLVL='\''1'\''
export CONDA_DEFAULT_ENV='\''base'\''
export CONDA_PROMPT_MODIFIER='\''(base) '\''
export CONDA_EXE='\''/home/yiminghuang/anaconda3/bin/conda'\''
export _CE_M='\'''\''
export _CE_CONDA='\'''\''
export CONDA_PYTHON_EXE='\''/home/yiminghuang/anaconda3/bin/python'\'''
++ eval 'export PATH='\''/home/yiminghuang/.vscode-server/bin/dfd34e8260c270da74b5c2d86d61aee4b6d56977/bin/remote-cli:/home/yiminghuang/anaconda3/bin:/home/yiminghuang/anaconda3/condabin:/cm/shared/apps/hdf5/1.6.10/bin:/cm/shared/apps/openmpi/gcc/64/1.10.1/bin:/cm/local/apps/cuda/libs/current/bin:/cm/shared/apps/cuda75/sdk/7.5.18/bin/x86_64/linux/release:/cm/shared/apps/cuda75/toolkit/7.5.18/bin:/cm/shared/apps/slurm/16.05.8/sbin:/cm/shared/apps/slurm/16.05.8/bin:/usr/local/bin:/usr/bin:/usr/local/sbin:/usr/sbin:/sbin:/usr/sbin:/cm/local/apps/environment-modules/3.2.10/bin:/home/yiminghuang/.local/bin:/home/yiminghuang/bin:/home/yiminghuang/.local/bin:/home/yiminghuang/bin'\''
unset CONDA_PREFIX_1
PS1='\''(base) '\''
export CONDA_PREFIX='\''/home/yiminghuang/anaconda3'\''
export CONDA_SHLVL='\''1'\''
export CONDA_DEFAULT_ENV='\''base'\''
export CONDA_PROMPT_MODIFIER='\''(base) '\''
export CONDA_EXE='\''/home/yiminghuang/anaconda3/bin/conda'\''
export _CE_M='\'''\''
export _CE_CONDA='\'''\''
export CONDA_PYTHON_EXE='\''/home/yiminghuang/anaconda3/bin/python'\'''
+++ export PATH=/home/yiminghuang/.vscode-server/bin/dfd34e8260c270da74b5c2d86d61aee4b6d56977/bin/remote-cli:/home/yiminghuang/anaconda3/bin:/home/yiminghuang/anaconda3/condabin:/cm/shared/apps/hdf5/1.6.10/bin:/cm/shared/apps/openmpi/gcc/64/1.10.1/bin:/cm/local/apps/cuda/libs/current/bin:/cm/shared/apps/cuda75/sdk/7.5.18/bin/x86_64/linux/release:/cm/shared/apps/cuda75/toolkit/7.5.18/bin:/cm/shared/apps/slurm/16.05.8/sbin:/cm/shared/apps/slurm/16.05.8/bin:/usr/local/bin:/usr/bin:/usr/local/sbin:/usr/sbin:/sbin:/usr/sbin:/cm/local/apps/environment-modules/3.2.10/bin:/home/yiminghuang/.local/bin:/home/yiminghuang/bin:/home/yiminghuang/.local/bin:/home/yiminghuang/bin
+++ PATH=/home/yiminghuang/.vscode-server/bin/dfd34e8260c270da74b5c2d86d61aee4b6d56977/bin/remote-cli:/home/yiminghuang/anaconda3/bin:/home/yiminghuang/anaconda3/condabin:/cm/shared/apps/hdf5/1.6.10/bin:/cm/shared/apps/openmpi/gcc/64/1.10.1/bin:/cm/local/apps/cuda/libs/current/bin:/cm/shared/apps/cuda75/sdk/7.5.18/bin/x86_64/linux/release:/cm/shared/apps/cuda75/toolkit/7.5.18/bin:/cm/shared/apps/slurm/16.05.8/sbin:/cm/shared/apps/slurm/16.05.8/bin:/usr/local/bin:/usr/bin:/usr/local/sbin:/usr/sbin:/sbin:/usr/sbin:/cm/local/apps/environment-modules/3.2.10/bin:/home/yiminghuang/.local/bin:/home/yiminghuang/bin:/home/yiminghuang/.local/bin:/home/yiminghuang/bin
+++ unset CONDA_PREFIX_1
+++ PS1='(base) '
+++ export CONDA_PREFIX=/home/yiminghuang/anaconda3
+++ CONDA_PREFIX=/home/yiminghuang/anaconda3
+++ export CONDA_SHLVL=1
+++ CONDA_SHLVL=1
+++ export CONDA_DEFAULT_ENV=base
+++ CONDA_DEFAULT_ENV=base
+++ export 'CONDA_PROMPT_MODIFIER=(base) '
+++ CONDA_PROMPT_MODIFIER='(base) '
+++ export CONDA_EXE=/home/yiminghuang/anaconda3/bin/conda
+++ CONDA_EXE=/home/yiminghuang/anaconda3/bin/conda
+++ export _CE_M=
+++ _CE_M=
+++ export _CE_CONDA=
+++ _CE_CONDA=
+++ export CONDA_PYTHON_EXE=/home/yiminghuang/anaconda3/bin/python
+++ CONDA_PYTHON_EXE=/home/yiminghuang/anaconda3/bin/python
++ __conda_hashr
++ '[' -n '' ']'
++ '[' -n '' ']'
++ hash -r
+ unset __conda_setup
+ conda init bash
+ local cmd=init
+ case "$cmd" in
+ __conda_exe init bash
+ __add_sys_prefix_to_path
+ '[' -n '' ']'
++ dirname /home/yiminghuang/anaconda3/bin/conda
+ SYSP=/home/yiminghuang/anaconda3/bin
++ dirname /home/yiminghuang/anaconda3/bin
+ SYSP=/home/yiminghuang/anaconda3
+ '[' -n '' ']'
+ PATH=/home/yiminghuang/anaconda3/bin:/home/yiminghuang/.vscode-server/bin/dfd34e8260c270da74b5c2d86d61aee4b6d56977/bin/remote-cli:/home/yiminghuang/anaconda3/bin:/home/yiminghuang/anaconda3/condabin:/cm/shared/apps/hdf5/1.6.10/bin:/cm/shared/apps/openmpi/gcc/64/1.10.1/bin:/cm/local/apps/cuda/libs/current/bin:/cm/shared/apps/cuda75/sdk/7.5.18/bin/x86_64/linux/release:/cm/shared/apps/cuda75/toolkit/7.5.18/bin:/cm/shared/apps/slurm/16.05.8/sbin:/cm/shared/apps/slurm/16.05.8/bin:/usr/local/bin:/usr/bin:/usr/local/sbin:/usr/sbin:/sbin:/usr/sbin:/cm/local/apps/environment-modules/3.2.10/bin:/home/yiminghuang/.local/bin:/home/yiminghuang/bin:/home/yiminghuang/.local/bin:/home/yiminghuang/bin
+ export PATH
+ /home/yiminghuang/anaconda3/bin/conda init bash
+ conda activate multitask
+ local cmd=activate
+ case "$cmd" in
+ __conda_activate activate multitask
+ '[' -n '' ']'
+ local ask_conda
++ PS1='(base) '
++ __conda_exe shell.posix activate multitask
++ __add_sys_prefix_to_path
++ '[' -n '' ']'
+++ dirname /home/yiminghuang/anaconda3/bin/conda
++ SYSP=/home/yiminghuang/anaconda3/bin
+++ dirname /home/yiminghuang/anaconda3/bin
++ SYSP=/home/yiminghuang/anaconda3
++ '[' -n '' ']'
++ PATH=/home/yiminghuang/anaconda3/bin:/home/yiminghuang/.vscode-server/bin/dfd34e8260c270da74b5c2d86d61aee4b6d56977/bin/remote-cli:/home/yiminghuang/anaconda3/bin:/home/yiminghuang/anaconda3/condabin:/cm/shared/apps/hdf5/1.6.10/bin:/cm/shared/apps/openmpi/gcc/64/1.10.1/bin:/cm/local/apps/cuda/libs/current/bin:/cm/shared/apps/cuda75/sdk/7.5.18/bin/x86_64/linux/release:/cm/shared/apps/cuda75/toolkit/7.5.18/bin:/cm/shared/apps/slurm/16.05.8/sbin:/cm/shared/apps/slurm/16.05.8/bin:/usr/local/bin:/usr/bin:/usr/local/sbin:/usr/sbin:/sbin:/usr/sbin:/cm/local/apps/environment-modules/3.2.10/bin:/home/yiminghuang/.local/bin:/home/yiminghuang/bin:/home/yiminghuang/.local/bin:/home/yiminghuang/bin
++ export PATH
++ /home/yiminghuang/anaconda3/bin/conda shell.posix activate multitask
+ ask_conda='PS1='\''(multitask) '\''
export PATH='\''/home/yiminghuang/.vscode-server/bin/dfd34e8260c270da74b5c2d86d61aee4b6d56977/bin/remote-cli:/home/yiminghuang/anaconda3/envs/multitask/bin:/home/yiminghuang/anaconda3/condabin:/cm/shared/apps/hdf5/1.6.10/bin:/cm/shared/apps/openmpi/gcc/64/1.10.1/bin:/cm/local/apps/cuda/libs/current/bin:/cm/shared/apps/cuda75/sdk/7.5.18/bin/x86_64/linux/release:/cm/shared/apps/cuda75/toolkit/7.5.18/bin:/cm/shared/apps/slurm/16.05.8/sbin:/cm/shared/apps/slurm/16.05.8/bin:/usr/local/bin:/usr/bin:/usr/local/sbin:/usr/sbin:/sbin:/usr/sbin:/cm/local/apps/environment-modules/3.2.10/bin:/home/yiminghuang/.local/bin:/home/yiminghuang/bin:/home/yiminghuang/.local/bin:/home/yiminghuang/bin'\''
export CONDA_PREFIX='\''/home/yiminghuang/anaconda3/envs/multitask'\''
export CONDA_SHLVL='\''2'\''
export CONDA_DEFAULT_ENV='\''multitask'\''
export CONDA_PROMPT_MODIFIER='\''(multitask) '\''
export CONDA_EXE='\''/home/yiminghuang/anaconda3/bin/conda'\''
export _CE_M='\'''\''
export _CE_CONDA='\'''\''
export CONDA_PYTHON_EXE='\''/home/yiminghuang/anaconda3/bin/python'\''
export CONDA_PREFIX_1='\''/home/yiminghuang/anaconda3'\'''
+ eval 'PS1='\''(multitask) '\''
export PATH='\''/home/yiminghuang/.vscode-server/bin/dfd34e8260c270da74b5c2d86d61aee4b6d56977/bin/remote-cli:/home/yiminghuang/anaconda3/envs/multitask/bin:/home/yiminghuang/anaconda3/condabin:/cm/shared/apps/hdf5/1.6.10/bin:/cm/shared/apps/openmpi/gcc/64/1.10.1/bin:/cm/local/apps/cuda/libs/current/bin:/cm/shared/apps/cuda75/sdk/7.5.18/bin/x86_64/linux/release:/cm/shared/apps/cuda75/toolkit/7.5.18/bin:/cm/shared/apps/slurm/16.05.8/sbin:/cm/shared/apps/slurm/16.05.8/bin:/usr/local/bin:/usr/bin:/usr/local/sbin:/usr/sbin:/sbin:/usr/sbin:/cm/local/apps/environment-modules/3.2.10/bin:/home/yiminghuang/.local/bin:/home/yiminghuang/bin:/home/yiminghuang/.local/bin:/home/yiminghuang/bin'\''
export CONDA_PREFIX='\''/home/yiminghuang/anaconda3/envs/multitask'\''
export CONDA_SHLVL='\''2'\''
export CONDA_DEFAULT_ENV='\''multitask'\''
export CONDA_PROMPT_MODIFIER='\''(multitask) '\''
export CONDA_EXE='\''/home/yiminghuang/anaconda3/bin/conda'\''
export _CE_M='\'''\''
export _CE_CONDA='\'''\''
export CONDA_PYTHON_EXE='\''/home/yiminghuang/anaconda3/bin/python'\''
export CONDA_PREFIX_1='\''/home/yiminghuang/anaconda3'\'''
++ PS1='(multitask) '
++ export PATH=/home/yiminghuang/.vscode-server/bin/dfd34e8260c270da74b5c2d86d61aee4b6d56977/bin/remote-cli:/home/yiminghuang/anaconda3/envs/multitask/bin:/home/yiminghuang/anaconda3/condabin:/cm/shared/apps/hdf5/1.6.10/bin:/cm/shared/apps/openmpi/gcc/64/1.10.1/bin:/cm/local/apps/cuda/libs/current/bin:/cm/shared/apps/cuda75/sdk/7.5.18/bin/x86_64/linux/release:/cm/shared/apps/cuda75/toolkit/7.5.18/bin:/cm/shared/apps/slurm/16.05.8/sbin:/cm/shared/apps/slurm/16.05.8/bin:/usr/local/bin:/usr/bin:/usr/local/sbin:/usr/sbin:/sbin:/usr/sbin:/cm/local/apps/environment-modules/3.2.10/bin:/home/yiminghuang/.local/bin:/home/yiminghuang/bin:/home/yiminghuang/.local/bin:/home/yiminghuang/bin
++ PATH=/home/yiminghuang/.vscode-server/bin/dfd34e8260c270da74b5c2d86d61aee4b6d56977/bin/remote-cli:/home/yiminghuang/anaconda3/envs/multitask/bin:/home/yiminghuang/anaconda3/condabin:/cm/shared/apps/hdf5/1.6.10/bin:/cm/shared/apps/openmpi/gcc/64/1.10.1/bin:/cm/local/apps/cuda/libs/current/bin:/cm/shared/apps/cuda75/sdk/7.5.18/bin/x86_64/linux/release:/cm/shared/apps/cuda75/toolkit/7.5.18/bin:/cm/shared/apps/slurm/16.05.8/sbin:/cm/shared/apps/slurm/16.05.8/bin:/usr/local/bin:/usr/bin:/usr/local/sbin:/usr/sbin:/sbin:/usr/sbin:/cm/local/apps/environment-modules/3.2.10/bin:/home/yiminghuang/.local/bin:/home/yiminghuang/bin:/home/yiminghuang/.local/bin:/home/yiminghuang/bin
++ export CONDA_PREFIX=/home/yiminghuang/anaconda3/envs/multitask
++ CONDA_PREFIX=/home/yiminghuang/anaconda3/envs/multitask
++ export CONDA_SHLVL=2
++ CONDA_SHLVL=2
++ export CONDA_DEFAULT_ENV=multitask
++ CONDA_DEFAULT_ENV=multitask
++ export 'CONDA_PROMPT_MODIFIER=(multitask) '
++ CONDA_PROMPT_MODIFIER='(multitask) '
++ export CONDA_EXE=/home/yiminghuang/anaconda3/bin/conda
++ CONDA_EXE=/home/yiminghuang/anaconda3/bin/conda
++ export _CE_M=
++ _CE_M=
++ export _CE_CONDA=
++ _CE_CONDA=
++ export CONDA_PYTHON_EXE=/home/yiminghuang/anaconda3/bin/python
++ CONDA_PYTHON_EXE=/home/yiminghuang/anaconda3/bin/python
++ export CONDA_PREFIX_1=/home/yiminghuang/anaconda3
++ CONDA_PREFIX_1=/home/yiminghuang/anaconda3
+ __conda_hashr
+ '[' -n '' ']'
+ '[' -n '' ']'
+ hash -r
+ echo activate
+ sleep 1
+ python example_mobilenetv2.py
Traceback (most recent call last):
  File "example_mobilenetv2.py", line 14, in <module>
    from mtl_pytorch.layer_node import Conv2dNode, BN2dNode
ModuleNotFoundError: No module named 'mtl_pytorch'
